<?xml version="1.0" encoding="UTF-8"?>
<coverage generated="1622914925613" clover="3.2.0">
  <project timestamp="1622914925614" name="All files">
    <metrics statements="18" coveredstatements="18" conditionals="0" coveredconditionals="0" methods="5" coveredmethods="5" elements="23" coveredelements="23" complexity="0" loc="18" ncloc="18" packages="1" files="5" classes="5"/>
    <file name="app.js" path="/home/maxmelodia/projetos/node-pipeline-sonar-cloud/src/app.js">
      <metrics statements="10" coveredstatements="10" conditionals="0" coveredconditionals="0" methods="1" coveredmethods="1"/>
      <line num="1" count="1" type="stmt"/>
      <line num="2" count="1" type="stmt"/>
      <line num="3" count="1" type="stmt"/>
      <line num="4" count="1" type="stmt"/>
      <line num="7" count="2" type="stmt"/>
      <line num="8" count="2" type="stmt"/>
      <line num="9" count="2" type="stmt"/>
      <line num="10" count="2" type="stmt"/>
      <line num="13" count="1" type="stmt"/>
      <line num="15" count="1" type="stmt"/>
    </file>
    <file name="divisao.js" path="/home/maxmelodia/projetos/node-pipeline-sonar-cloud/src/divisao.js">
      <metrics statements="2" coveredstatements="2" conditionals="0" coveredconditionals="0" methods="1" coveredmethods="1"/>
      <line num="2" count="3" type="stmt"/>
      <line num="5" count="2" type="stmt"/>
    </file>
    <file name="multiplicacao.js" path="/home/maxmelodia/projetos/node-pipeline-sonar-cloud/src/multiplicacao.js">
      <metrics statements="2" coveredstatements="2" conditionals="0" coveredconditionals="0" methods="1" coveredmethods="1"/>
      <line num="2" count="3" type="stmt"/>
      <line num="5" count="2" type="stmt"/>
    </file>
    <file name="soma.js" path="/home/maxmelodia/projetos/node-pipeline-sonar-cloud/src/soma.js">
      <metrics statements="2" coveredstatements="2" conditionals="0" coveredconditionals="0" methods="1" coveredmethods="1"/>
      <line num="2" count="3" type="stmt"/>
      <line num="5" count="2" type="stmt"/>
    </file>
    <file name="subtracao.js" path="/home/maxmelodia/projetos/node-pipeline-sonar-cloud/src/subtracao.js">
      <metrics statements="2" coveredstatements="2" conditionals="0" coveredconditionals="0" methods="1" coveredmethods="1"/>
      <line num="2" count="3" type="stmt"/>
      <line num="5" count="2" type="stmt"/>
    </file>
  </project>
</coverage>
