{"/home/maxmelodia/projetos/node-pipeline-sonar-cloud/src/app.js": {"path":"/home/maxmelodia/projetos/node-pipeline-sonar-cloud/src/app.js","statementMap":{"0":{"start":{"line":1,"column":13},"end":{"line":1,"column":30}},"1":{"start":{"line":2,"column":18},"end":{"line":2,"column":40}},"2":{"start":{"line":3,"column":22},"end":{"line":3,"column":48}},"3":{"start":{"line":4,"column":16},"end":{"line":4,"column":36}},"4":{"start":{"line":7,"column":4},"end":{"line":7,"column":45}},"5":{"start":{"line":8,"column":4},"end":{"line":8,"column":50}},"6":{"start":{"line":9,"column":4},"end":{"line":9,"column":54}},"7":{"start":{"line":10,"column":4},"end":{"line":10,"column":48}},"8":{"start":{"line":13,"column":0},"end":{"line":13,"column":12}},"9":{"start":{"line":15,"column":0},"end":{"line":15,"column":22}}},"fnMap":{"0":{"name":"print","decl":{"start":{"line":6,"column":9},"end":{"line":6,"column":14}},"loc":{"start":{"line":6,"column":20},"end":{"line":11,"column":1}},"line":6}},"branchMap":{},"s":{"0":1,"1":1,"2":1,"3":1,"4":2,"5":2,"6":2,"7":2,"8":1,"9":1},"f":{"0":2},"b":{},"_coverageSchema":"1a1c01bbd47fc00a2c39e90264f33305004495a9","hash":"25f6830a8571f903eea74893c8f596ab2cbc6e88"}
,"/home/maxmelodia/projetos/node-pipeline-sonar-cloud/src/divisao.js": {"path":"/home/maxmelodia/projetos/node-pipeline-sonar-cloud/src/divisao.js","statementMap":{"0":{"start":{"line":2,"column":4},"end":{"line":2,"column":16}},"1":{"start":{"line":5,"column":0},"end":{"line":5,"column":24}}},"fnMap":{"0":{"name":"divisao","decl":{"start":{"line":1,"column":9},"end":{"line":1,"column":16}},"loc":{"start":{"line":1,"column":21},"end":{"line":3,"column":1}},"line":1}},"branchMap":{},"s":{"0":3,"1":2},"f":{"0":3},"b":{},"_coverageSchema":"1a1c01bbd47fc00a2c39e90264f33305004495a9","hash":"5a6c67544ba39ceaab9523415cf5410ad8c44d93"}
,"/home/maxmelodia/projetos/node-pipeline-sonar-cloud/src/multiplicacao.js": {"path":"/home/maxmelodia/projetos/node-pipeline-sonar-cloud/src/multiplicacao.js","statementMap":{"0":{"start":{"line":2,"column":4},"end":{"line":2,"column":16}},"1":{"start":{"line":5,"column":0},"end":{"line":5,"column":30}}},"fnMap":{"0":{"name":"multiplicacao","decl":{"start":{"line":1,"column":9},"end":{"line":1,"column":22}},"loc":{"start":{"line":1,"column":27},"end":{"line":3,"column":1}},"line":1}},"branchMap":{},"s":{"0":3,"1":2},"f":{"0":3},"b":{},"_coverageSchema":"1a1c01bbd47fc00a2c39e90264f33305004495a9","hash":"f5e58ef79a375da5169eb1a91222ac7bc567beae"}
,"/home/maxmelodia/projetos/node-pipeline-sonar-cloud/src/soma.js": {"path":"/home/maxmelodia/projetos/node-pipeline-sonar-cloud/src/soma.js","statementMap":{"0":{"start":{"line":2,"column":4},"end":{"line":2,"column":16}},"1":{"start":{"line":5,"column":0},"end":{"line":5,"column":21}}},"fnMap":{"0":{"name":"soma","decl":{"start":{"line":1,"column":9},"end":{"line":1,"column":13}},"loc":{"start":{"line":1,"column":18},"end":{"line":3,"column":1}},"line":1}},"branchMap":{},"s":{"0":3,"1":2},"f":{"0":3},"b":{},"_coverageSchema":"1a1c01bbd47fc00a2c39e90264f33305004495a9","hash":"0097ce973b403cd13b6ee608a8e1f3a3c1ed6c6b"}
,"/home/maxmelodia/projetos/node-pipeline-sonar-cloud/src/subtracao.js": {"path":"/home/maxmelodia/projetos/node-pipeline-sonar-cloud/src/subtracao.js","statementMap":{"0":{"start":{"line":2,"column":4},"end":{"line":2,"column":16}},"1":{"start":{"line":5,"column":0},"end":{"line":5,"column":26}}},"fnMap":{"0":{"name":"subtracao","decl":{"start":{"line":1,"column":9},"end":{"line":1,"column":18}},"loc":{"start":{"line":1,"column":23},"end":{"line":3,"column":1}},"line":1}},"branchMap":{},"s":{"0":3,"1":2},"f":{"0":3},"b":{},"_coverageSchema":"1a1c01bbd47fc00a2c39e90264f33305004495a9","hash":"5f7a2fec8438890146bb641af6656280aa0ff0b3"}
}
