{"/home/maxmelodia/projetos/node-pipeline-sonar-cloud/src/soma.js": {"path":"/home/maxmelodia/projetos/node-pipeline-sonar-cloud/src/soma.js","statementMap":{"0":{"start":{"line":2,"column":4},"end":{"line":2,"column":16}},"1":{"start":{"line":5,"column":0},"end":{"line":5,"column":21}}},"fnMap":{"0":{"name":"soma","decl":{"start":{"line":1,"column":9},"end":{"line":1,"column":13}},"loc":{"start":{"line":1,"column":18},"end":{"line":3,"column":1}},"line":1}},"branchMap":{},"s":{"0":1,"1":1},"f":{"0":1},"b":{},"_coverageSchema":"1a1c01bbd47fc00a2c39e90264f33305004495a9","hash":"0097ce973b403cd13b6ee608a8e1f3a3c1ed6c6b"}
,"/home/maxmelodia/projetos/node-pipeline-sonar-cloud/src/subtracao.js": {"path":"/home/maxmelodia/projetos/node-pipeline-sonar-cloud/src/subtracao.js","statementMap":{"0":{"start":{"line":2,"column":4},"end":{"line":2,"column":16}},"1":{"start":{"line":5,"column":0},"end":{"line":5,"column":26}}},"fnMap":{"0":{"name":"subtracao","decl":{"start":{"line":1,"column":9},"end":{"line":1,"column":18}},"loc":{"start":{"line":1,"column":23},"end":{"line":3,"column":1}},"line":1}},"branchMap":{},"s":{"0":1,"1":1},"f":{"0":1},"b":{},"_coverageSchema":"1a1c01bbd47fc00a2c39e90264f33305004495a9","hash":"5f7a2fec8438890146bb641af6656280aa0ff0b3"}
}
