TN:
SF:src/app.js
FN:6,print
FNF:1
FNH:1
FNDA:2,print
DA:1,1
DA:2,1
DA:3,1
DA:4,1
DA:7,2
DA:8,2
DA:9,2
DA:10,2
DA:13,1
DA:15,1
LF:10
LH:10
BRF:0
BRH:0
end_of_record
TN:
SF:src/divisao.js
FN:1,divisao
FNF:1
FNH:1
FNDA:3,divisao
DA:2,3
DA:5,2
LF:2
LH:2
BRF:0
BRH:0
end_of_record
TN:
SF:src/multiplicacao.js
FN:1,multiplicacao
FNF:1
FNH:1
FNDA:3,multiplicacao
DA:2,3
DA:5,2
LF:2
LH:2
BRF:0
BRH:0
end_of_record
TN:
SF:src/soma.js
FN:1,soma
FNF:1
FNH:1
FNDA:3,soma
DA:2,3
DA:5,2
LF:2
LH:2
BRF:0
BRH:0
end_of_record
TN:
SF:src/subtracao.js
FN:1,subtracao
FNF:1
FNH:1
FNDA:3,subtracao
DA:2,3
DA:5,2
LF:2
LH:2
BRF:0
BRH:0
end_of_record
